2021-02-04 10:03:30,963:INFO:17:blog.views:yesssssssss-1
2021-02-04 10:03:30,965:INFO:19:blog.views:username => nick
2021-02-04 10:03:30,965:INFO:24:blog.views:yesssssssss-2
2021-02-04 10:03:50,723:INFO:17:blog.views:yesssssssss-1
2021-02-04 10:03:50,726:INFO:19:blog.views:username => nick
2021-02-04 10:03:50,726:INFO:24:blog.views:yesssssssss-2
2021-02-04 10:04:44,851:INFO:17:blog.views:yesssssssss-1
2021-02-04 10:04:44,854:INFO:19:blog.views:username => nick
2021-02-04 10:04:44,854:INFO:24:blog.views:yesssssssss-2
2021-02-04 10:04:52,021:INFO:17:blog.views:yesssssssss-1
2021-02-04 10:04:52,023:INFO:19:blog.views:username => nick
2021-02-04 10:04:52,023:INFO:24:blog.views:yesssssssss-2
2021-02-04 10:07:38,839:INFO:17:blog.views:yesssssssss-1
2021-02-04 10:07:49,517:INFO:17:blog.views:yesssssssss-1
2021-02-04 10:07:49,521:INFO:19:blog.views:_auth_user_id => 1
2021-02-04 10:07:49,521:INFO:19:blog.views:_auth_user_backend => django.contrib.auth.backends.ModelBackend
2021-02-04 10:07:49,521:INFO:19:blog.views:_auth_user_hash => 453de2ea4072a50a58d3073f15c4944a87111afaef35ac12cd2afc9dcd383d41
2021-02-04 10:07:49,521:INFO:19:blog.views:username => abhishek
2021-02-04 10:07:49,523:INFO:24:blog.views:yesssssssss-2
2021-02-04 10:17:23,617:INFO:17:blog.views:yesssssssss-1
2021-02-04 10:17:23,620:INFO:19:blog.views:_auth_user_id => 1
2021-02-04 10:17:23,620:INFO:19:blog.views:_auth_user_backend => django.contrib.auth.backends.ModelBackend
2021-02-04 10:17:23,620:INFO:19:blog.views:_auth_user_hash => 453de2ea4072a50a58d3073f15c4944a87111afaef35ac12cd2afc9dcd383d41
2021-02-04 10:17:23,620:INFO:19:blog.views:username => abhishek
2021-02-04 10:17:23,621:INFO:24:blog.views:yesssssssss-2
2021-02-04 10:22:29,195:INFO:17:blog.views:yesssssssss-1
2021-02-04 10:22:29,196:INFO:19:blog.views:username => bob
2021-02-04 10:22:42,033:INFO:17:blog.views:yesssssssss-1
2021-02-04 10:22:42,036:INFO:19:blog.views:username => bob
2021-02-04 10:22:42,036:INFO:19:blog.views:_auth_user_id => 7
2021-02-04 10:22:42,036:INFO:19:blog.views:_auth_user_backend => django.contrib.auth.backends.ModelBackend
2021-02-04 10:22:42,036:INFO:19:blog.views:_auth_user_hash => 38c4c5c329cf94cdaeafd41e3eddd3e530b9d3625c20dfdcda581bf99e832302
2021-02-04 10:22:42,039:INFO:24:blog.views:yesssssssss-2
2021-02-04 10:44:37,475:INFO:17:blog.views:yesssssssss-1
2021-02-04 10:44:37,478:INFO:19:blog.views:username => abhishek
2021-02-04 10:44:37,478:INFO:19:blog.views:_auth_user_id => 1
2021-02-04 10:44:37,478:INFO:19:blog.views:_auth_user_backend => django.contrib.auth.backends.ModelBackend
2021-02-04 10:44:37,478:INFO:19:blog.views:_auth_user_hash => 453de2ea4072a50a58d3073f15c4944a87111afaef35ac12cd2afc9dcd383d41
2021-02-04 10:44:37,480:INFO:24:blog.views:yesssssssss-2
2021-02-04 10:44:40,429:INFO:17:blog.views:yesssssssss-1
2021-02-04 10:44:40,433:INFO:19:blog.views:username => abhishek
2021-02-04 10:44:40,433:INFO:19:blog.views:_auth_user_id => 1
2021-02-04 10:44:40,433:INFO:19:blog.views:_auth_user_backend => django.contrib.auth.backends.ModelBackend
2021-02-04 10:44:40,433:INFO:19:blog.views:_auth_user_hash => 453de2ea4072a50a58d3073f15c4944a87111afaef35ac12cd2afc9dcd383d41
2021-02-04 10:44:40,435:INFO:24:blog.views:yesssssssss-2
2021-02-04 10:45:10,738:INFO:17:blog.views:yesssssssss-1
2021-02-04 10:45:10,741:INFO:19:blog.views:_auth_user_id => 1
2021-02-04 10:45:10,741:INFO:19:blog.views:_auth_user_backend => django.contrib.auth.backends.ModelBackend
2021-02-04 10:45:10,741:INFO:19:blog.views:_auth_user_hash => 453de2ea4072a50a58d3073f15c4944a87111afaef35ac12cd2afc9dcd383d41
2021-02-04 10:45:10,741:INFO:19:blog.views:username => abhishek
2021-02-04 10:45:10,743:INFO:24:blog.views:yesssssssss-2
2021-02-05 04:05:42,968:INFO:17:blog.views:yesssssssss-1
2021-02-05 04:05:42,972:INFO:19:blog.views:_auth_user_id => 1
2021-02-05 04:05:42,972:INFO:19:blog.views:_auth_user_backend => django.contrib.auth.backends.ModelBackend
2021-02-05 04:05:42,972:INFO:19:blog.views:_auth_user_hash => 453de2ea4072a50a58d3073f15c4944a87111afaef35ac12cd2afc9dcd383d41
2021-02-05 04:05:42,972:INFO:19:blog.views:username => abhishek
2021-02-05 04:05:42,974:INFO:24:blog.views:yesssssssss-2
2021-02-05 04:09:09,137:INFO:17:blog.views:yesssssssss-1
2021-02-05 04:09:09,139:INFO:19:blog.views:username => olive
2021-02-05 04:09:09,139:INFO:19:blog.views:email => yorow29835@laklica.com
2021-02-05 04:09:09,139:INFO:19:blog.views:password => testing123
2021-02-05 04:09:09,139:INFO:19:blog.views:random_url => 9WEoyuUVztLbb20v
2021-02-05 08:26:31,151:INFO:17:blog.views:yesssssssss-1
2021-02-05 08:26:31,154:INFO:19:blog.views:_auth_user_id => 1
2021-02-05 08:26:31,154:INFO:19:blog.views:_auth_user_backend => django.contrib.auth.backends.ModelBackend
2021-02-05 08:26:31,154:INFO:19:blog.views:_auth_user_hash => 4d6dc7715b3b762444ae7124043acd1d92dfa94b9ca71204f9f2f838a325188c
2021-02-05 08:26:31,154:INFO:19:blog.views:username => abhishek
2021-02-05 08:26:31,156:INFO:24:blog.views:yesssssssss-2
2021-02-06 07:55:32,550:INFO:17:blog.views:yesssssssss-1
2021-02-06 07:56:04,945:INFO:17:blog.views:yesssssssss-1
2021-02-06 07:56:04,959:INFO:19:blog.views:_auth_user_id => 1
2021-02-06 07:56:04,960:INFO:19:blog.views:_auth_user_backend => django.contrib.auth.backends.ModelBackend
2021-02-06 07:56:04,961:INFO:19:blog.views:_auth_user_hash => 74539ff978d062fa31b678637c82324a52a10a97e85cc168b385bc2f1c20c5e7
2021-02-06 07:56:04,961:INFO:19:blog.views:username => abhishek
2021-02-06 07:56:04,969:INFO:24:blog.views:yesssssssss-2
2021-02-06 07:56:19,462:INFO:17:blog.views:yesssssssss-1
2021-02-06 07:56:19,471:INFO:19:blog.views:_auth_user_id => 1
2021-02-06 07:56:19,472:INFO:19:blog.views:_auth_user_backend => django.contrib.auth.backends.ModelBackend
2021-02-06 07:56:19,472:INFO:19:blog.views:_auth_user_hash => 74539ff978d062fa31b678637c82324a52a10a97e85cc168b385bc2f1c20c5e7
2021-02-06 07:56:19,473:INFO:19:blog.views:username => abhishek
2021-02-06 07:56:19,480:INFO:24:blog.views:yesssssssss-2
2021-02-06 08:03:56,941:INFO:17:blog.views:yesssssssss-1
2021-02-06 08:03:56,954:INFO:19:blog.views:_auth_user_id => 1
2021-02-06 08:03:56,954:INFO:19:blog.views:_auth_user_backend => django.contrib.auth.backends.ModelBackend
2021-02-06 08:03:56,955:INFO:19:blog.views:_auth_user_hash => 74539ff978d062fa31b678637c82324a52a10a97e85cc168b385bc2f1c20c5e7
2021-02-06 08:03:56,955:INFO:19:blog.views:username => abhishek
2021-02-06 08:03:56,959:INFO:24:blog.views:yesssssssss-2
2021-02-06 08:04:30,913:INFO:17:blog.views:yesssssssss-1
2021-02-06 08:04:30,925:INFO:19:blog.views:_auth_user_id => 1
2021-02-06 08:04:30,926:INFO:19:blog.views:_auth_user_backend => django.contrib.auth.backends.ModelBackend
2021-02-06 08:04:30,926:INFO:19:blog.views:_auth_user_hash => 74539ff978d062fa31b678637c82324a52a10a97e85cc168b385bc2f1c20c5e7
2021-02-06 08:04:30,927:INFO:19:blog.views:username => abhishek
2021-02-06 08:04:30,936:INFO:24:blog.views:yesssssssss-2
2021-02-06 08:44:31,875:INFO:17:blog.views:yesssssssss-1
2021-02-06 08:44:31,897:INFO:19:blog.views:_auth_user_id => 1
2021-02-06 08:44:31,898:INFO:19:blog.views:_auth_user_backend => django.contrib.auth.backends.ModelBackend
2021-02-06 08:44:31,898:INFO:19:blog.views:_auth_user_hash => 74539ff978d062fa31b678637c82324a52a10a97e85cc168b385bc2f1c20c5e7
2021-02-06 08:44:31,900:INFO:19:blog.views:username => abhishek
2021-02-06 08:44:31,912:INFO:24:blog.views:yesssssssss-2
2021-02-06 09:45:29,868:INFO:17:blog.views:yesssssssss-1
2021-02-06 09:45:29,870:INFO:19:blog.views:_auth_user_id => 1
2021-02-06 09:45:29,870:INFO:19:blog.views:_auth_user_backend => django.contrib.auth.backends.ModelBackend
2021-02-06 09:45:29,870:INFO:19:blog.views:_auth_user_hash => 74539ff978d062fa31b678637c82324a52a10a97e85cc168b385bc2f1c20c5e7
2021-02-06 09:45:29,870:INFO:19:blog.views:username => abhishek
2021-02-06 09:45:29,871:INFO:24:blog.views:yesssssssss-2
2021-02-06 12:03:07,547:INFO:17:blog.views:yesssssssss-1
2021-02-06 12:03:07,549:INFO:19:blog.views:_auth_user_id => 1
2021-02-06 12:03:07,549:INFO:19:blog.views:_auth_user_backend => django.contrib.auth.backends.ModelBackend
2021-02-06 12:03:07,549:INFO:19:blog.views:_auth_user_hash => 74539ff978d062fa31b678637c82324a52a10a97e85cc168b385bc2f1c20c5e7
2021-02-06 12:03:07,549:INFO:19:blog.views:username => abhishek
2021-02-06 12:03:07,550:INFO:24:blog.views:yesssssssss-2
2021-02-06 12:04:06,742:INFO:17:blog.views:yesssssssss-1
2021-02-07 06:54:19,658:INFO:17:blog.views:yesssssssss-1
2021-02-07 06:54:19,661:INFO:19:blog.views:_auth_user_id => 1
2021-02-07 06:54:19,661:INFO:19:blog.views:_auth_user_backend => django.contrib.auth.backends.ModelBackend
2021-02-07 06:54:19,661:INFO:19:blog.views:_auth_user_hash => 74539ff978d062fa31b678637c82324a52a10a97e85cc168b385bc2f1c20c5e7
2021-02-07 06:54:19,661:INFO:19:blog.views:username => abhishek
2021-02-07 06:54:19,663:INFO:24:blog.views:yesssssssss-2
2021-02-07 07:28:15,159:INFO:17:blog.views:yesssssssss-1
2021-02-07 07:28:15,161:INFO:19:blog.views:_auth_user_id => 2
2021-02-07 07:28:15,162:INFO:19:blog.views:_auth_user_backend => django.contrib.auth.backends.ModelBackend
2021-02-07 07:28:15,162:INFO:19:blog.views:_auth_user_hash => d064f738ab7169dbc737d736d31c123f6a32e4dab3b41fa478dfcb76fc3917bf
2021-02-07 07:28:15,162:INFO:19:blog.views:username => alice
2021-02-07 07:28:15,163:INFO:24:blog.views:yesssssssss-2
2021-02-07 12:26:53,069:INFO:17:blog.views:yesssssssss-1
2021-02-07 12:26:53,072:INFO:19:blog.views:_auth_user_id => 1
2021-02-07 12:26:53,073:INFO:19:blog.views:_auth_user_backend => django.contrib.auth.backends.ModelBackend
2021-02-07 12:26:53,073:INFO:19:blog.views:_auth_user_hash => 74539ff978d062fa31b678637c82324a52a10a97e85cc168b385bc2f1c20c5e7
2021-02-07 12:26:53,073:INFO:19:blog.views:username => abhishek
2021-02-07 12:26:53,075:INFO:24:blog.views:yesssssssss-2
2021-02-07 12:33:56,825:INFO:17:blog.views:yesssssssss-1
2021-02-07 12:33:56,829:INFO:19:blog.views:_auth_user_id => 2
2021-02-07 12:33:56,829:INFO:19:blog.views:_auth_user_backend => django.contrib.auth.backends.ModelBackend
2021-02-07 12:33:56,829:INFO:19:blog.views:_auth_user_hash => d064f738ab7169dbc737d736d31c123f6a32e4dab3b41fa478dfcb76fc3917bf
2021-02-07 12:33:56,829:INFO:19:blog.views:username => alice
2021-02-07 12:33:56,830:INFO:24:blog.views:yesssssssss-2
2021-02-07 12:37:25,922:INFO:17:blog.views:yesssssssss-1
2021-02-07 12:37:50,135:INFO:17:blog.views:yesssssssss-1
2021-02-07 12:38:07,611:INFO:17:blog.views:yesssssssss-1
2021-02-07 12:38:07,613:INFO:19:blog.views:_auth_user_id => 2
2021-02-07 12:38:07,613:INFO:19:blog.views:_auth_user_backend => django.contrib.auth.backends.ModelBackend
2021-02-07 12:38:07,613:INFO:19:blog.views:_auth_user_hash => d064f738ab7169dbc737d736d31c123f6a32e4dab3b41fa478dfcb76fc3917bf
2021-02-07 12:38:07,613:INFO:19:blog.views:username => alice
2021-02-07 12:38:07,614:INFO:24:blog.views:yesssssssss-2
2021-02-07 12:38:19,231:INFO:17:blog.views:yesssssssss-1
2021-02-07 12:38:19,232:INFO:19:blog.views:_auth_user_id => 1
2021-02-07 12:38:19,233:INFO:19:blog.views:_auth_user_backend => django.contrib.auth.backends.ModelBackend
2021-02-07 12:38:19,233:INFO:19:blog.views:_auth_user_hash => 74539ff978d062fa31b678637c82324a52a10a97e85cc168b385bc2f1c20c5e7
2021-02-07 12:38:19,233:INFO:19:blog.views:username => abhishek
2021-02-07 12:38:19,233:INFO:24:blog.views:yesssssssss-2
2021-02-07 12:50:42,404:INFO:17:blog.views:yesssssssss-1
2021-02-07 12:50:42,408:INFO:19:blog.views:_auth_user_id => 1
2021-02-07 12:50:42,408:INFO:19:blog.views:_auth_user_backend => django.contrib.auth.backends.ModelBackend
2021-02-07 12:50:42,408:INFO:19:blog.views:_auth_user_hash => 74539ff978d062fa31b678637c82324a52a10a97e85cc168b385bc2f1c20c5e7
2021-02-07 12:50:42,408:INFO:19:blog.views:username => abhishek
2021-02-07 12:50:42,410:INFO:24:blog.views:yesssssssss-2
2021-02-07 12:56:57,648:INFO:17:blog.views:yesssssssss-1
2021-02-07 12:56:57,652:INFO:19:blog.views:_auth_user_id => 1
2021-02-07 12:56:57,652:INFO:19:blog.views:_auth_user_backend => django.contrib.auth.backends.ModelBackend
2021-02-07 12:56:57,652:INFO:19:blog.views:_auth_user_hash => 453de2ea4072a50a58d3073f15c4944a87111afaef35ac12cd2afc9dcd383d41
2021-02-07 12:56:57,652:INFO:19:blog.views:username => abhishek
2021-02-07 12:57:08,786:INFO:17:blog.views:yesssssssss-1
2021-02-07 12:57:08,791:INFO:19:blog.views:_auth_user_id => 1
2021-02-07 12:57:08,791:INFO:19:blog.views:_auth_user_backend => django.contrib.auth.backends.ModelBackend
2021-02-07 12:57:08,791:INFO:19:blog.views:_auth_user_hash => 74539ff978d062fa31b678637c82324a52a10a97e85cc168b385bc2f1c20c5e7
2021-02-07 12:57:08,791:INFO:19:blog.views:username => abhishek
2021-02-07 12:57:08,793:INFO:24:blog.views:yesssssssss-2
2021-02-07 15:30:29,994:INFO:17:blog.views:yesssssssss-1
2021-02-07 15:30:29,997:INFO:19:blog.views:_auth_user_id => 1
2021-02-07 15:30:29,997:INFO:19:blog.views:_auth_user_backend => django.contrib.auth.backends.ModelBackend
2021-02-07 15:30:29,998:INFO:19:blog.views:_auth_user_hash => 74539ff978d062fa31b678637c82324a52a10a97e85cc168b385bc2f1c20c5e7
2021-02-07 15:30:29,998:INFO:19:blog.views:username => abhishek
2021-02-07 15:30:30,000:INFO:24:blog.views:yesssssssss-2
2021-02-07 15:36:50,305:INFO:17:blog.views:yesssssssss-1
2021-02-07 15:37:17,639:INFO:17:blog.views:yesssssssss-1
2021-02-07 15:37:17,642:INFO:19:blog.views:_auth_user_id => 2
2021-02-07 15:37:17,643:INFO:19:blog.views:_auth_user_backend => django.contrib.auth.backends.ModelBackend
2021-02-07 15:37:17,643:INFO:19:blog.views:_auth_user_hash => d064f738ab7169dbc737d736d31c123f6a32e4dab3b41fa478dfcb76fc3917bf
2021-02-07 15:37:17,643:INFO:19:blog.views:username => alice
2021-02-07 15:37:17,645:INFO:24:blog.views:yesssssssss-2
2021-02-07 16:23:21,632:INFO:17:blog.views:yesssssssss-1
2021-02-07 16:23:21,635:INFO:19:blog.views:_auth_user_id => 1
2021-02-07 16:23:21,635:INFO:19:blog.views:_auth_user_backend => django.contrib.auth.backends.ModelBackend
2021-02-07 16:23:21,635:INFO:19:blog.views:_auth_user_hash => 74539ff978d062fa31b678637c82324a52a10a97e85cc168b385bc2f1c20c5e7
2021-02-07 16:23:21,635:INFO:19:blog.views:username => abhishek
2021-02-07 16:23:21,636:INFO:24:blog.views:yesssssssss-2
2021-02-07 16:23:51,758:INFO:17:blog.views:yesssssssss-1
2021-02-07 16:23:51,760:INFO:19:blog.views:_auth_user_id => 1
2021-02-07 16:23:51,760:INFO:19:blog.views:_auth_user_backend => django.contrib.auth.backends.ModelBackend
2021-02-07 16:23:51,760:INFO:19:blog.views:_auth_user_hash => 74539ff978d062fa31b678637c82324a52a10a97e85cc168b385bc2f1c20c5e7
2021-02-07 16:23:51,760:INFO:19:blog.views:username => abhishek
2021-02-07 16:23:51,761:INFO:24:blog.views:yesssssssss-2
2021-02-07 16:24:09,370:INFO:17:blog.views:yesssssssss-1
2021-02-07 16:24:09,373:INFO:19:blog.views:_auth_user_id => 2
2021-02-07 16:24:09,373:INFO:19:blog.views:_auth_user_backend => django.contrib.auth.backends.ModelBackend
2021-02-07 16:24:09,373:INFO:19:blog.views:_auth_user_hash => d064f738ab7169dbc737d736d31c123f6a32e4dab3b41fa478dfcb76fc3917bf
2021-02-07 16:24:09,373:INFO:19:blog.views:username => alice
2021-02-07 16:24:09,374:INFO:24:blog.views:yesssssssss-2
2021-02-07 17:08:54,214:INFO:17:blog.views:yesssssssss-1
2021-02-07 17:08:54,217:INFO:19:blog.views:_auth_user_id => 2
2021-02-07 17:08:54,217:INFO:19:blog.views:_auth_user_backend => django.contrib.auth.backends.ModelBackend
2021-02-07 17:08:54,217:INFO:19:blog.views:_auth_user_hash => d064f738ab7169dbc737d736d31c123f6a32e4dab3b41fa478dfcb76fc3917bf
2021-02-07 17:08:54,217:INFO:19:blog.views:username => alice
2021-02-07 17:08:54,219:INFO:24:blog.views:yesssssssss-2
2021-02-07 17:11:47,105:INFO:17:blog.views:yesssssssss-1
2021-02-07 17:11:47,110:INFO:19:blog.views:_auth_user_id => 2
2021-02-07 17:11:47,110:INFO:19:blog.views:_auth_user_backend => django.contrib.auth.backends.ModelBackend
2021-02-07 17:11:47,110:INFO:19:blog.views:_auth_user_hash => d064f738ab7169dbc737d736d31c123f6a32e4dab3b41fa478dfcb76fc3917bf
2021-02-07 17:11:47,110:INFO:19:blog.views:username => alice
2021-02-07 17:11:47,112:INFO:24:blog.views:yesssssssss-2
2021-02-07 17:16:32,535:INFO:17:blog.views:yesssssssss-1
2021-02-07 17:16:32,538:INFO:19:blog.views:_auth_user_id => 2
2021-02-07 17:16:32,538:INFO:19:blog.views:_auth_user_backend => django.contrib.auth.backends.ModelBackend
2021-02-07 17:16:32,538:INFO:19:blog.views:_auth_user_hash => d064f738ab7169dbc737d736d31c123f6a32e4dab3b41fa478dfcb76fc3917bf
2021-02-07 17:16:32,538:INFO:19:blog.views:username => alice
2021-02-07 17:16:32,539:INFO:24:blog.views:yesssssssss-2
2021-02-07 17:27:42,341:INFO:17:blog.views:yesssssssss-1
2021-02-07 17:27:42,344:INFO:19:blog.views:_auth_user_id => 2
2021-02-07 17:27:42,344:INFO:19:blog.views:_auth_user_backend => django.contrib.auth.backends.ModelBackend
2021-02-07 17:27:42,344:INFO:19:blog.views:_auth_user_hash => d064f738ab7169dbc737d736d31c123f6a32e4dab3b41fa478dfcb76fc3917bf
2021-02-07 17:27:42,344:INFO:19:blog.views:username => alice
2021-02-07 17:27:42,345:INFO:24:blog.views:yesssssssss-2
2021-02-07 17:35:34,748:INFO:17:blog.views:yesssssssss-1
2021-02-07 17:35:34,753:INFO:19:blog.views:_auth_user_id => 7
2021-02-07 17:35:34,753:INFO:19:blog.views:_auth_user_backend => django.contrib.auth.backends.ModelBackend
2021-02-07 17:35:34,753:INFO:19:blog.views:_auth_user_hash => 38c4c5c329cf94cdaeafd41e3eddd3e530b9d3625c20dfdcda581bf99e832302
2021-02-07 17:35:34,753:INFO:19:blog.views:username => bob
2021-02-07 17:35:34,756:INFO:24:blog.views:yesssssssss-2
2021-02-07 17:53:49,516:INFO:17:blog.views:yesssssssss-1
2021-02-07 17:54:51,181:INFO:17:blog.views:yesssssssss-1
2021-02-07 17:54:51,184:INFO:19:blog.views:username => john
2021-02-07 17:55:01,338:INFO:17:blog.views:yesssssssss-1
2021-02-07 17:55:01,341:INFO:19:blog.views:username => john
2021-02-07 17:55:01,341:INFO:19:blog.views:_auth_user_id => 8
2021-02-07 17:55:01,341:INFO:19:blog.views:_auth_user_backend => django.contrib.auth.backends.ModelBackend
2021-02-07 17:55:01,341:INFO:19:blog.views:_auth_user_hash => db4b5e265c340ff730755f88aedcae53a5d0aeafc45c002c3f4619b8dbdbee6c
2021-02-07 17:55:01,343:INFO:24:blog.views:yesssssssss-2
